<?xml version="1.0" encoding="UTF-8"?>
<testsuite name="This file wil test the validations on the sample json response provided" tests="1" skipped="0" failures="0" errors="0" timestamp="2023-01-18T10:52:32" hostname="GEMGN-210273" time="0.467">
  <properties/>
  <testcase name="Validating if the team has only 4 foreign players and 1 wicket-keeper" classname="This file wil test the validations on the sample json response provided" time="0.467"/>
  <system-out><![CDATA[]]></system-out>
  <system-err><![CDATA[[Test worker] INFO io.cucumber.core.plugin.SerenityReporter - Running feature from file:///C:/Users/to.subhani/IdeaProjects/TestVagrant/src/test/resources/features/SampleTest.feature
[Test worker] INFO  - 
  _____   ___   ___   _____     ___   _____     _     ___   _____   ___   ___  
 |_   _| | __| / __| |_   _|   / __| |_   _|   /_\   | _ \ |_   _| | __| |   \ 
   | |   | _|  \__ \   | |     \__ \   | |    / _ \  |   /   | |   | _|  | |) |
   |_|   |___| |___/   |_|     |___/   |_|   /_/ \_\ |_|_\   |_|   |___| |___/ 

Validating if the team has only 4 foreign players and 1 wicket-keeper(this-file-wil-test-the-validations-on-the-sample-json-response-provided;validating-if-the-team-has-only-4-foreign-players-and-1-wicket-keeper)
--------------------------------------------------------------------------------
[Test worker] INFO stepDefinitions.BaseStepDefinition - The team has the required number of foreign players :4
[Test worker] INFO stepDefinitions.BaseStepDefinition - Role of Wicket-keeper was found !
[Test worker] INFO  - 
  _____   ___   ___   _____     ___     _     ___   ___   ___   ___  
 |_   _| | __| / __| |_   _|   | _ \   /_\   / __| / __| | __| |   \ 
   | |   | _|  \__ \   | |     |  _/  / _ \  \__ \ \__ \ | _|  | |) |
   |_|   |___| |___/   |_|     |_|   /_/ \_\ |___/ |___/ |___| |___/ 

Validating if the team has only 4 foreign players and 1 wicket-keeper
----------------------------------------------------------------------
]]></system-err>
</testsuite>
